Q table

0 : {'8': -19.782661706109344, '14': -33.730385728633706}
1 : {'3': -29.730385728633706, '8': -9.782661706109344, '9': -25.730385728633706, '16': -19.673448165746333, '29': -21.808965331034273}
2 : {'3': -15.816787322112035, '4': -5.8167873221120345, '16': -29.65922802740274, '17': -3.8318609877254586, '24': -17.808965331034273, '25': -23.816787322112035, '27': -21.816787322112035, '29': -17.730385728633706}
3 : {'1': -22.673448165746333, '2': -34.65922802740274, '11': -26.730385728633706, '12': -23.730385728633706, '26': -19.730385728633706}
4 : {'2': -21.808965331034273, '6': -22.810153893371368, '9': -40.81015389337137, '17': -5.8318609877254595, '21': -1.8167873221120348, '23': -20.730385728633706}
5 : {'12': -23.730385728633706, '20': -30.730385728633706, '23': -27.730385728633706}
6 : {'4': -27.810153893371368, '10': -11.619083852911865, '11': -17.810153893371368, '12': -9.813622724261366, '18': -0.7363439586608123, '29': -7.810153893371368}
7 : {'10': 0, '17': 0, '29': 0}
8 : {'0': -21.782661706109344, '1': -4.690242069116559, '9': -17.782661706109344, '12': -7.7826617061093435}
9 : {'1': -32.730385728633706, '4': -26.810153893371368, '8': -12.782661706109344, '15': -16.730385728633706, '16': -36.81015389337137, '28': -22.730385728633706}
10 : {'6': 0.5179332016206555, '7': 1000.0, '19': -10.619083852911865, '20': 0.6638666203294059, '21': 0.5128152655581021, '28': -0.6190838529118659, '29': 0.49145647585385044}
11 : {'3': -28.730385728633706, '6': -22.810153893371368, '16': -14.730385728633706, '23': -18.730385728633706, '26': -24.730385728633706}
12 : {'3': -25.730385728633706, '5': -27.730385728633706, '6': -8.810153893371368, '8': -20.782661706109344, '15': -21.730385728633706, '19': -14.782661706109343, '26': -19.730385728633706, '28': -8.813622724261366}
13 : {'15': -40.730385728633706, '24': -46.730385728633706, '25': -41.730385728633706, '26': -34.730385728633706, '28': -33.730385728633706}
14 : {'0': -9.767338663621699, '17': -6.831860987725459, '18': -19.810153893371368, '20': -30.730385728633706, '24': -32.730385728633706}
15 : {'9': -20.730385728633706, '12': -30.730385728633706, '13': -23.65922802740274, '16': -33.730385728633706, '20': -38.730385728633706, '22': -38.730385728633706, '24': -32.730385728633706, '26': -36.730385728633706, '29': -22.808965331034273}
16 : {'1': -30.730385728633706, '2': -32.65922802740274, '9': -31.81015389337137, '11': -23.730385728633706, '15': -26.65922802740274, '20': -14.673448165746333, '21': -9.730385728633706}
17 : {'2': 0.2326613363783016, '4': -2.8318609877254586, '7': 1000.0, '14': 0.2885501444356516}
18 : {'6': -18.810153893371368, '14': -20.810153893371368, '24': -36.730385728633706}
19 : {'10': -15.619083852911865, '12': -9.782661706109343}
20 : {'5': -32.730385728633706, '10': -13.619083852911865, '14': -34.730385728633706, '15': -42.730385728633706, '16': -28.730385728633706, '24': -13.808965331034273, '26': -24.730385728633706}
21 : {'4': 0.18321267788796525, '10': -2.5085435241461496, '16': -4.730385728633706}
22 : {'15': -41.730385728633706, '24': -46.730385728633706}
23 : {'4': -24.730385728633706, '5': -25.730385728633706, '11': -20.730385728633706, '26': -16.730385728633706}
24 : {'2': -25.816787322112035, '13': -27.65922802740274, '14': -31.730385728633706, '15': -39.730385728633706, '18': -25.810153893371368, '20': -44.730385728633706, '22': -48.730385728633706}
25 : {'2': -33.65922802740274, '13': -29.65922802740274, '28': -37.730385728633706}
26 : {'3': -23.730385728633706, '11': -29.730385728633706, '12': -31.730385728633706, '13': -18.808965331034273, '15': -41.730385728633706, '20': -33.730385728633706, '23': -21.730385728633706, '28': -23.730385728633706}
27 : {'2': -32.65922802740274}
28 : {'9': -19.730385728633706, '10': -11.619083852911865, '12': -30.730385728633706, '13': -32.730385728633706, '25': -12.659228027402738, '26': -19.730385728633706}
29 : {'1': -1.787731754226786, '2': -19.808965331034273, '6': -3.8101538933713677, '7': 1000.0, '10': -11.619083852911865, '15': -15.730385728633706}
